#! /usr/bin/vvp
:ivl_version "11.0 (stable)" "(v11_0)";
:ivl_delay_selection "TYPICAL";
:vpi_time_precision - 12;
:vpi_module "/usr/lib/ivl/system.vpi";
:vpi_module "/usr/lib/ivl/vhdl_sys.vpi";
:vpi_module "/usr/lib/ivl/vhdl_textio.vpi";
:vpi_module "/usr/lib/ivl/v2005_math.vpi";
:vpi_module "/usr/lib/ivl/va_math.vpi";
S_0x55841c5624c0 .scope module, "testbench" "testbench" 2 20;
 .timescale -9 -12;
P_0x55841c595b40 .param/l "NUM" 0 2 21, +C4<00000000000000000000000000001010>;
v0x55841c5c4be0_0 .net "a0", 0 0, L_0x55841c612430;  1 drivers
v0x55841c6011d0_0 .net "a1", 0 0, L_0x55841c613b40;  1 drivers
v0x55841c6012a0_0 .net "an0", 0 0, L_0x55841c612290;  1 drivers
v0x55841c6013a0_0 .net "an1", 0 0, L_0x55841c613520;  1 drivers
v0x55841c601470_0 .net "b0", 0 0, L_0x55841c6126a0;  1 drivers
v0x55841c601510_0 .net "b1", 0 0, L_0x55841c613e40;  1 drivers
v0x55841c6015e0_0 .net "c0", 0 0, L_0x55841c612920;  1 drivers
v0x55841c6016b0_0 .net "c1", 0 0, L_0x55841c614100;  1 drivers
v0x55841c601780_0 .var "clk", 0 0;
v0x55841c601820_0 .net "d0", 0 0, L_0x55841c612b60;  1 drivers
v0x55841c6018f0_0 .net "d1", 0 0, L_0x55841c614420;  1 drivers
v0x55841c6019c0_0 .net "e0", 0 0, L_0x55841c612e00;  1 drivers
v0x55841c601a90_0 .net "e1", 0 0, L_0x55841c614750;  1 drivers
v0x55841c601b60_0 .net "f0", 0 0, L_0x55841c6131c0;  1 drivers
v0x55841c601c30_0 .net "f1", 0 0, L_0x55841c614ca0;  1 drivers
v0x55841c601d00_0 .net "g0", 0 0, L_0x55841c613750;  1 drivers
v0x55841c601dd0_0 .net "g1", 0 0, L_0x55841c615410;  1 drivers
v0x55841c601ea0_0 .net "leds", 7 0, L_0x55841c6120b0;  1 drivers
v0x55841c601f70_0 .var "rst", 0 0;
S_0x55841c562020 .scope module, "fpadd_system" "fpadd_system" 2 59, 3 7 0, S_0x55841c5624c0;
 .timescale -9 -12;
    .port_info 0 /INPUT 1 "clk";
    .port_info 1 /INPUT 1 "rst";
    .port_info 2 /OUTPUT 8 "leds";
    .port_info 3 /OUTPUT 1 "an0";
    .port_info 4 /OUTPUT 1 "a0";
    .port_info 5 /OUTPUT 1 "b0";
    .port_info 6 /OUTPUT 1 "c0";
    .port_info 7 /OUTPUT 1 "d0";
    .port_info 8 /OUTPUT 1 "e0";
    .port_info 9 /OUTPUT 1 "f0";
    .port_info 10 /OUTPUT 1 "g0";
    .port_info 11 /OUTPUT 1 "an1";
    .port_info 12 /OUTPUT 1 "a1";
    .port_info 13 /OUTPUT 1 "b1";
    .port_info 14 /OUTPUT 1 "c1";
    .port_info 15 /OUTPUT 1 "d1";
    .port_info 16 /OUTPUT 1 "e1";
    .port_info 17 /OUTPUT 1 "f1";
    .port_info 18 /OUTPUT 1 "g1";
v0x55841c5fde60_0 .net *"_ivl_101", 0 0, L_0x55841c614f40;  1 drivers
v0x55841c5fdf60_0 .net *"_ivl_102", 1 0, L_0x55841c615100;  1 drivers
L_0x7f21712344e0 .functor BUFT 1, C4<0>, C4<0>, C4<0>, C4<0>;
v0x55841c5fe040_0 .net *"_ivl_105", 0 0, L_0x7f21712344e0;  1 drivers
v0x55841c5fe100_0 .net *"_ivl_106", 1 0, L_0x55841c615240;  1 drivers
L_0x7f21712340a8 .functor BUFT 1, C4<0>, C4<0>, C4<0>, C4<0>;
v0x55841c5fe1e0_0 .net/2u *"_ivl_12", 0 0, L_0x7f21712340a8;  1 drivers
v0x55841c5fe310_0 .net *"_ivl_15", 0 0, L_0x55841c612360;  1 drivers
L_0x7f21712340f0 .functor BUFT 1, C4<0>, C4<0>, C4<0>, C4<0>;
v0x55841c5fe3f0_0 .net/2u *"_ivl_18", 0 0, L_0x7f21712340f0;  1 drivers
v0x55841c5fe4d0_0 .net *"_ivl_21", 0 0, L_0x55841c612600;  1 drivers
L_0x7f2171234138 .functor BUFT 1, C4<0>, C4<0>, C4<0>, C4<0>;
v0x55841c5fe5b0_0 .net/2u *"_ivl_24", 0 0, L_0x7f2171234138;  1 drivers
v0x55841c5fe690_0 .net *"_ivl_27", 0 0, L_0x55841c612880;  1 drivers
L_0x7f2171234180 .functor BUFT 1, C4<0>, C4<0>, C4<0>, C4<0>;
v0x55841c5fe770_0 .net/2u *"_ivl_30", 0 0, L_0x7f2171234180;  1 drivers
v0x55841c5fe850_0 .net *"_ivl_33", 0 0, L_0x55841c612ac0;  1 drivers
L_0x7f21712341c8 .functor BUFT 1, C4<0>, C4<0>, C4<0>, C4<0>;
v0x55841c5fe930_0 .net/2u *"_ivl_36", 0 0, L_0x7f21712341c8;  1 drivers
v0x55841c5fea10_0 .net *"_ivl_39", 0 0, L_0x55841c612d60;  1 drivers
L_0x7f2171234210 .functor BUFT 1, C4<0>, C4<0>, C4<0>, C4<0>;
v0x55841c5feaf0_0 .net/2u *"_ivl_42", 0 0, L_0x7f2171234210;  1 drivers
v0x55841c5febd0_0 .net *"_ivl_45", 0 0, L_0x55841c613010;  1 drivers
L_0x7f2171234258 .functor BUFT 1, C4<01>, C4<0>, C4<0>, C4<0>;
v0x55841c5fecb0_0 .net/2u *"_ivl_48", 1 0, L_0x7f2171234258;  1 drivers
v0x55841c5fed90_0 .net *"_ivl_51", 0 0, L_0x55841c6133e0;  1 drivers
v0x55841c5fee70_0 .net *"_ivl_52", 1 0, L_0x55841c613480;  1 drivers
L_0x7f21712342a0 .functor BUFT 1, C4<0>, C4<0>, C4<0>, C4<0>;
v0x55841c5fef50_0 .net *"_ivl_55", 0 0, L_0x7f21712342a0;  1 drivers
v0x55841c5ff030_0 .net *"_ivl_56", 1 0, L_0x55841c613610;  1 drivers
L_0x7f21712342e8 .functor BUFT 1, C4<0>, C4<0>, C4<0>, C4<0>;
v0x55841c5ff110_0 .net/2u *"_ivl_62", 0 0, L_0x7f21712342e8;  1 drivers
v0x55841c5ff1f0_0 .net *"_ivl_65", 0 0, L_0x55841c6139e0;  1 drivers
L_0x7f2171234330 .functor BUFT 1, C4<0>, C4<0>, C4<0>, C4<0>;
v0x55841c5ff2d0_0 .net/2u *"_ivl_68", 0 0, L_0x7f2171234330;  1 drivers
v0x55841c5ff3b0_0 .net *"_ivl_71", 0 0, L_0x55841c613cd0;  1 drivers
L_0x7f2171234378 .functor BUFT 1, C4<0>, C4<0>, C4<0>, C4<0>;
v0x55841c5ff490_0 .net/2u *"_ivl_74", 0 0, L_0x7f2171234378;  1 drivers
v0x55841c5ff570_0 .net *"_ivl_77", 0 0, L_0x55841c613f80;  1 drivers
L_0x7f21712343c0 .functor BUFT 1, C4<0>, C4<0>, C4<0>, C4<0>;
v0x55841c5ff650_0 .net/2u *"_ivl_80", 0 0, L_0x7f21712343c0;  1 drivers
v0x55841c5ff730_0 .net *"_ivl_83", 0 0, L_0x55841c614290;  1 drivers
L_0x7f2171234408 .functor BUFT 1, C4<0>, C4<0>, C4<0>, C4<0>;
v0x55841c5ff810_0 .net/2u *"_ivl_86", 0 0, L_0x7f2171234408;  1 drivers
v0x55841c5ff8f0_0 .net *"_ivl_89", 0 0, L_0x55841c6145b0;  1 drivers
L_0x7f2171234450 .functor BUFT 1, C4<0>, C4<0>, C4<0>, C4<0>;
v0x55841c5ff9d0_0 .net/2u *"_ivl_92", 0 0, L_0x7f2171234450;  1 drivers
v0x55841c5ffab0_0 .net *"_ivl_95", 0 0, L_0x55841c614af0;  1 drivers
L_0x7f2171234498 .functor BUFT 1, C4<01>, C4<0>, C4<0>, C4<0>;
v0x55841c5ffda0_0 .net/2u *"_ivl_98", 1 0, L_0x7f2171234498;  1 drivers
v0x55841c5ffe80_0 .net "a0", 0 0, L_0x55841c612430;  alias, 1 drivers
v0x55841c5fff40_0 .net "a1", 0 0, L_0x55841c613b40;  alias, 1 drivers
v0x55841c600000_0 .net "a_to_g0", 7 0, v0x55841c58f410_0;  1 drivers
v0x55841c6000c0_0 .net "a_to_g1", 7 0, v0x55841c5fc530_0;  1 drivers
v0x55841c600160_0 .net "an0", 0 0, L_0x55841c612290;  alias, 1 drivers
v0x55841c600200_0 .net "an1", 0 0, L_0x55841c613520;  alias, 1 drivers
v0x55841c6002c0_0 .net "b0", 0 0, L_0x55841c6126a0;  alias, 1 drivers
v0x55841c600380_0 .net "b1", 0 0, L_0x55841c613e40;  alias, 1 drivers
v0x55841c600440_0 .net "c0", 0 0, L_0x55841c612920;  alias, 1 drivers
v0x55841c600500_0 .net "c1", 0 0, L_0x55841c614100;  alias, 1 drivers
v0x55841c6005c0_0 .net "clk", 0 0, v0x55841c601780_0;  1 drivers
v0x55841c600660_0 .net "d0", 0 0, L_0x55841c612b60;  alias, 1 drivers
v0x55841c600720_0 .net "d1", 0 0, L_0x55841c614420;  alias, 1 drivers
v0x55841c6007e0_0 .net "e0", 0 0, L_0x55841c612e00;  alias, 1 drivers
v0x55841c6008a0_0 .net "e1", 0 0, L_0x55841c614750;  alias, 1 drivers
v0x55841c600960_0 .net "f0", 0 0, L_0x55841c6131c0;  alias, 1 drivers
v0x55841c600a20_0 .net "f1", 0 0, L_0x55841c614ca0;  alias, 1 drivers
v0x55841c600ae0_0 .net "fp_out", 31 0, v0x55841c5fd540_0;  1 drivers
v0x55841c600ba0_0 .net "g0", 0 0, L_0x55841c613750;  alias, 1 drivers
v0x55841c600c40_0 .net "g1", 0 0, L_0x55841c615410;  alias, 1 drivers
v0x55841c600d00_0 .net "leds", 7 0, L_0x55841c6120b0;  alias, 1 drivers
v0x55841c600de0_0 .net "rst", 0 0, v0x55841c601f70_0;  1 drivers
L_0x55841c6120b0 .part v0x55841c5fd540_0, 0, 8;
L_0x55841c612150 .part v0x55841c5fd540_0, 24, 8;
L_0x55841c6121f0 .part v0x55841c5fd540_0, 16, 8;
L_0x55841c612290 .part v0x55841c58f410_0, 7, 1;
L_0x55841c612360 .part v0x55841c58f410_0, 6, 1;
L_0x55841c612430 .functor MUXZ 1, L_0x55841c612360, L_0x7f21712340a8, v0x55841c601f70_0, C4<>;
L_0x55841c612600 .part v0x55841c58f410_0, 5, 1;
L_0x55841c6126a0 .functor MUXZ 1, L_0x55841c612600, L_0x7f21712340f0, v0x55841c601f70_0, C4<>;
L_0x55841c612880 .part v0x55841c58f410_0, 4, 1;
L_0x55841c612920 .functor MUXZ 1, L_0x55841c612880, L_0x7f2171234138, v0x55841c601f70_0, C4<>;
L_0x55841c612ac0 .part v0x55841c58f410_0, 3, 1;
L_0x55841c612b60 .functor MUXZ 1, L_0x55841c612ac0, L_0x7f2171234180, v0x55841c601f70_0, C4<>;
L_0x55841c612d60 .part v0x55841c58f410_0, 2, 1;
L_0x55841c612e00 .functor MUXZ 1, L_0x55841c612d60, L_0x7f21712341c8, v0x55841c601f70_0, C4<>;
L_0x55841c613010 .part v0x55841c58f410_0, 1, 1;
L_0x55841c6131c0 .functor MUXZ 1, L_0x55841c613010, L_0x7f2171234210, v0x55841c601f70_0, C4<>;
L_0x55841c6133e0 .part v0x55841c58f410_0, 0, 1;
L_0x55841c613480 .concat [ 1 1 0 0], L_0x55841c6133e0, L_0x7f21712342a0;
L_0x55841c613610 .functor MUXZ 2, L_0x55841c613480, L_0x7f2171234258, v0x55841c601f70_0, C4<>;
L_0x55841c613750 .part L_0x55841c613610, 0, 1;
L_0x55841c613520 .part v0x55841c5fc530_0, 7, 1;
L_0x55841c6139e0 .part v0x55841c5fc530_0, 6, 1;
L_0x55841c613b40 .functor MUXZ 1, L_0x55841c6139e0, L_0x7f21712342e8, v0x55841c601f70_0, C4<>;
L_0x55841c613cd0 .part v0x55841c5fc530_0, 5, 1;
L_0x55841c613e40 .functor MUXZ 1, L_0x55841c613cd0, L_0x7f2171234330, v0x55841c601f70_0, C4<>;
L_0x55841c613f80 .part v0x55841c5fc530_0, 4, 1;
L_0x55841c614100 .functor MUXZ 1, L_0x55841c613f80, L_0x7f2171234378, v0x55841c601f70_0, C4<>;
L_0x55841c614290 .part v0x55841c5fc530_0, 3, 1;
L_0x55841c614420 .functor MUXZ 1, L_0x55841c614290, L_0x7f21712343c0, v0x55841c601f70_0, C4<>;
L_0x55841c6145b0 .part v0x55841c5fc530_0, 2, 1;
L_0x55841c614750 .functor MUXZ 1, L_0x55841c6145b0, L_0x7f2171234408, v0x55841c601f70_0, C4<>;
L_0x55841c614af0 .part v0x55841c5fc530_0, 1, 1;
L_0x55841c614ca0 .functor MUXZ 1, L_0x55841c614af0, L_0x7f2171234450, v0x55841c601f70_0, C4<>;
L_0x55841c614f40 .part v0x55841c5fc530_0, 0, 1;
L_0x55841c615100 .concat [ 1 1 0 0], L_0x55841c614f40, L_0x7f21712344e0;
L_0x55841c615240 .functor MUXZ 2, L_0x55841c615100, L_0x7f2171234498, v0x55841c601f70_0, C4<>;
L_0x55841c615410 .part L_0x55841c615240, 0, 1;
S_0x55841c5633a0 .scope module, "SevenSegDisplay0" "SevenSegDisplay" 3 28, 4 3 0, S_0x55841c562020;
 .timescale -9 -12;
    .port_info 0 /INPUT 1 "clk";
    .port_info 1 /INPUT 1 "rst";
    .port_info 2 /INPUT 8 "DataIn";
    .port_info 3 /OUTPUT 8 "a_to_g";
v0x55841c562b80_0 .net "DataIn", 7 0, L_0x55841c612150;  1 drivers
v0x55841c58f410_0 .var "a_to_g", 7 0;
v0x55841c5da5c0_0 .net "clk", 0 0, v0x55841c601780_0;  alias, 1 drivers
v0x55841c5fbec0_0 .var/i "counter", 31 0;
v0x55841c5fbfa0_0 .var "data", 3 0;
v0x55841c5fc0d0_0 .net "rst", 0 0, v0x55841c601f70_0;  alias, 1 drivers
E_0x55841c5b2400 .event edge, v0x55841c5fbfa0_0;
E_0x55841c5b1840 .event posedge, v0x55841c5da5c0_0;
S_0x55841c5fc210 .scope module, "SevenSegDisplay1" "SevenSegDisplay" 3 31, 4 3 0, S_0x55841c562020;
 .timescale -9 -12;
    .port_info 0 /INPUT 1 "clk";
    .port_info 1 /INPUT 1 "rst";
    .port_info 2 /INPUT 8 "DataIn";
    .port_info 3 /OUTPUT 8 "a_to_g";
v0x55841c5fc430_0 .net "DataIn", 7 0, L_0x55841c6121f0;  1 drivers
v0x55841c5fc530_0 .var "a_to_g", 7 0;
v0x55841c5fc610_0 .net "clk", 0 0, v0x55841c601780_0;  alias, 1 drivers
v0x55841c5fc6b0_0 .var/i "counter", 31 0;
v0x55841c5fc750_0 .var "data", 3 0;
v0x55841c5fc880_0 .net "rst", 0 0, v0x55841c601f70_0;  alias, 1 drivers
E_0x55841c5855a0 .event edge, v0x55841c5fc750_0;
S_0x55841c5fc980 .scope module, "fpadd_single" "fpadd_single" 3 23, 5 17 0, S_0x55841c562020;
 .timescale -9 -12;
    .port_info 0 /INPUT 1 "clk";
    .port_info 1 /INPUT 1 "reset";
    .port_info 2 /INPUT 32 "reg_A";
    .port_info 3 /INPUT 32 "reg_B";
    .port_info 4 /OUTPUT 32 "out";
v0x55841c5fcbf0_0 .var "A", 31 0;
v0x55841c5fccf0_0 .var "B", 31 0;
v0x55841c5fcdd0_0 .var "add_mantissas", 24 0;
v0x55841c5fcec0_0 .net "clk", 0 0, v0x55841c601780_0;  alias, 1 drivers
v0x55841c5fcfb0_0 .var "counter", 4 0;
v0x55841c5fd0e0_0 .var "exp_a", 7 0;
v0x55841c5fd1c0_0 .var "exp_b", 7 0;
v0x55841c5fd2a0_0 .var "exp_diff", 7 0;
v0x55841c5fd380_0 .var "i", 4 0;
v0x55841c5fd460_0 .var "new_exponent", 7 0;
v0x55841c5fd540_0 .var "out", 31 0;
L_0x7f2171234018 .functor BUFT 1, C4<01101011011001001011001000110101>, C4<0>, C4<0>, C4<0>;
v0x55841c5fd620_0 .net "reg_A", 31 0, L_0x7f2171234018;  1 drivers
L_0x7f2171234060 .functor BUFT 1, C4<01101010110001001001001000010100>, C4<0>, C4<0>, C4<0>;
v0x55841c5fd700_0 .net "reg_B", 31 0, L_0x7f2171234060;  1 drivers
v0x55841c5fd7e0_0 .net "reset", 0 0, v0x55841c601f70_0;  alias, 1 drivers
v0x55841c5fd880_0 .var "result", 31 0;
v0x55841c5fd960_0 .var "shifted_a", 23 0;
v0x55841c5fda40_0 .var "shifted_b", 23 0;
v0x55841c5fdb20_0 .var "significand_a", 23 0;
v0x55841c5fdc00_0 .var "significand_b", 23 0;
v0x55841c5fdce0_0 .var "sub_mantissas", 23 0;
E_0x55841c5da660/0 .event edge, v0x55841c5fcbf0_0, v0x55841c5fccf0_0, v0x55841c5fd0e0_0, v0x55841c5fd1c0_0;
E_0x55841c5da660/1 .event edge, v0x55841c5fdc00_0, v0x55841c5fd2a0_0, v0x55841c5fdb20_0, v0x55841c5fd960_0;
E_0x55841c5da660/2 .event edge, v0x55841c5fda40_0, v0x55841c5fcdd0_0, v0x55841c5fd460_0, v0x55841c5fdce0_0;
E_0x55841c5da660/3 .event edge, v0x55841c5fcfb0_0;
E_0x55841c5da660 .event/or E_0x55841c5da660/0, E_0x55841c5da660/1, E_0x55841c5da660/2, E_0x55841c5da660/3;
E_0x55841c5d8150 .event posedge, v0x55841c5fc0d0_0, v0x55841c5da5c0_0;
    .scope S_0x55841c5fc980;
T_0 ;
    %wait E_0x55841c5d8150;
    %load/vec4 v0x55841c5fd7e0_0;
    %cmpi/e 1, 0, 1;
    %jmp/0xz  T_0.0, 4;
    %pushi/vec4 0, 0, 32;
    %assign/vec4 v0x55841c5fd540_0, 0;
    %jmp T_0.1;
T_0.0 ;
    %load/vec4 v0x55841c5fd620_0;
    %assign/vec4 v0x55841c5fcbf0_0, 0;
    %load/vec4 v0x55841c5fd700_0;
    %assign/vec4 v0x55841c5fccf0_0, 0;
    %load/vec4 v0x55841c5fd880_0;
    %assign/vec4 v0x55841c5fd540_0, 0;
T_0.1 ;
    %jmp T_0;
    .thread T_0;
    .scope S_0x55841c5fc980;
T_1 ;
    %wait E_0x55841c5da660;
    %pushi/vec4 1, 0, 1;
    %load/vec4 v0x55841c5fcbf0_0;
    %parti/s 23, 0, 2;
    %concat/vec4; draw_concat_vec4
    %store/vec4 v0x55841c5fdb20_0, 0, 24;
    %pushi/vec4 1, 0, 1;
    %load/vec4 v0x55841c5fccf0_0;
    %parti/s 23, 0, 2;
    %concat/vec4; draw_concat_vec4
    %store/vec4 v0x55841c5fdc00_0, 0, 24;
    %load/vec4 v0x55841c5fcbf0_0;
    %parti/s 8, 23, 6;
    %store/vec4 v0x55841c5fd0e0_0, 0, 8;
    %load/vec4 v0x55841c5fccf0_0;
    %parti/s 8, 23, 6;
    %store/vec4 v0x55841c5fd1c0_0, 0, 8;
    %load/vec4 v0x55841c5fd1c0_0;
    %load/vec4 v0x55841c5fd0e0_0;
    %cmp/u;
    %jmp/0xz  T_1.0, 5;
    %load/vec4 v0x55841c5fd0e0_0;
    %load/vec4 v0x55841c5fd1c0_0;
    %sub;
    %store/vec4 v0x55841c5fd2a0_0, 0, 8;
    %load/vec4 v0x55841c5fdc00_0;
    %ix/getv 4, v0x55841c5fd2a0_0;
    %shiftr 4;
    %store/vec4 v0x55841c5fda40_0, 0, 24;
    %load/vec4 v0x55841c5fdb20_0;
    %store/vec4 v0x55841c5fd960_0, 0, 24;
    %load/vec4 v0x55841c5fd0e0_0;
    %store/vec4 v0x55841c5fd460_0, 0, 8;
    %jmp T_1.1;
T_1.0 ;
    %load/vec4 v0x55841c5fd1c0_0;
    %load/vec4 v0x55841c5fd0e0_0;
    %sub;
    %store/vec4 v0x55841c5fd2a0_0, 0, 8;
    %load/vec4 v0x55841c5fdb20_0;
    %ix/getv 4, v0x55841c5fd2a0_0;
    %shiftr 4;
    %store/vec4 v0x55841c5fd960_0, 0, 24;
    %load/vec4 v0x55841c5fdc00_0;
    %store/vec4 v0x55841c5fda40_0, 0, 24;
    %load/vec4 v0x55841c5fd1c0_0;
    %store/vec4 v0x55841c5fd460_0, 0, 8;
T_1.1 ;
    %load/vec4 v0x55841c5fcbf0_0;
    %parti/s 1, 31, 6;
    %load/vec4 v0x55841c5fccf0_0;
    %parti/s 1, 31, 6;
    %cmp/e;
    %jmp/0xz  T_1.2, 4;
    %load/vec4 v0x55841c5fcbf0_0;
    %parti/s 1, 31, 6;
    %ix/load 4, 31, 0;
    %flag_set/imm 4, 0;
    %store/vec4 v0x55841c5fd880_0, 4, 1;
    %load/vec4 v0x55841c5fd960_0;
    %pad/u 25;
    %load/vec4 v0x55841c5fda40_0;
    %pad/u 25;
    %add;
    %store/vec4 v0x55841c5fcdd0_0, 0, 25;
    %load/vec4 v0x55841c5fcdd0_0;
    %parti/s 24, 0, 2;
    %pad/u 32;
    %cmpi/e 0, 0, 32;
    %jmp/0xz  T_1.4, 4;
    %pushi/vec4 0, 0, 32;
    %store/vec4 v0x55841c5fd880_0, 0, 32;
    %jmp T_1.5;
T_1.4 ;
    %load/vec4 v0x55841c5fcdd0_0;
    %parti/s 1, 24, 6;
    %cmpi/e 1, 0, 1;
    %jmp/0xz  T_1.6, 4;
    %load/vec4 v0x55841c5fcdd0_0;
    %parti/s 23, 1, 2;
    %ix/load 4, 0, 0;
    %flag_set/imm 4, 0;
    %store/vec4 v0x55841c5fd880_0, 4, 23;
    %load/vec4 v0x55841c5fd460_0;
    %addi 1, 0, 8;
    %ix/load 4, 23, 0;
    %flag_set/imm 4, 0;
    %store/vec4 v0x55841c5fd880_0, 4, 8;
    %jmp T_1.7;
T_1.6 ;
    %load/vec4 v0x55841c5fcdd0_0;
    %parti/s 23, 0, 2;
    %ix/load 4, 0, 0;
    %flag_set/imm 4, 0;
    %store/vec4 v0x55841c5fd880_0, 4, 23;
    %load/vec4 v0x55841c5fd460_0;
    %ix/load 4, 23, 0;
    %flag_set/imm 4, 0;
    %store/vec4 v0x55841c5fd880_0, 4, 8;
T_1.7 ;
T_1.5 ;
    %jmp T_1.3;
T_1.2 ;
    %load/vec4 v0x55841c5fcbf0_0;
    %parti/s 1, 31, 6;
    %load/vec4 v0x55841c5fccf0_0;
    %parti/s 1, 31, 6;
    %cmp/ne;
    %jmp/0xz  T_1.8, 4;
    %load/vec4 v0x55841c5fda40_0;
    %load/vec4 v0x55841c5fd960_0;
    %cmp/u;
    %jmp/0xz  T_1.10, 5;
    %load/vec4 v0x55841c5fd960_0;
    %load/vec4 v0x55841c5fda40_0;
    %sub;
    %store/vec4 v0x55841c5fdce0_0, 0, 24;
    %load/vec4 v0x55841c5fcbf0_0;
    %parti/s 1, 31, 6;
    %ix/load 4, 31, 0;
    %flag_set/imm 4, 0;
    %store/vec4 v0x55841c5fd880_0, 4, 1;
    %jmp T_1.11;
T_1.10 ;
    %load/vec4 v0x55841c5fd960_0;
    %load/vec4 v0x55841c5fda40_0;
    %cmp/u;
    %jmp/0xz  T_1.12, 5;
    %load/vec4 v0x55841c5fda40_0;
    %load/vec4 v0x55841c5fd960_0;
    %sub;
    %store/vec4 v0x55841c5fdce0_0, 0, 24;
    %load/vec4 v0x55841c5fccf0_0;
    %parti/s 1, 31, 6;
    %ix/load 4, 31, 0;
    %flag_set/imm 4, 0;
    %store/vec4 v0x55841c5fd880_0, 4, 1;
    %jmp T_1.13;
T_1.12 ;
    %load/vec4 v0x55841c5fd960_0;
    %load/vec4 v0x55841c5fda40_0;
    %cmp/e;
    %jmp/0xz  T_1.14, 4;
    %pushi/vec4 0, 0, 24;
    %store/vec4 v0x55841c5fdce0_0, 0, 24;
    %pushi/vec4 0, 0, 32;
    %store/vec4 v0x55841c5fd880_0, 0, 32;
T_1.14 ;
T_1.13 ;
T_1.11 ;
    %load/vec4 v0x55841c5fdce0_0;
    %pad/u 32;
    %cmpi/ne 0, 0, 32;
    %jmp/0xz  T_1.16, 4;
    %pushi/vec4 0, 0, 5;
    %store/vec4 v0x55841c5fcfb0_0, 0, 5;
    %pushi/vec4 23, 0, 5;
    %store/vec4 v0x55841c5fd380_0, 0, 5;
T_1.18 ;
    %load/vec4 v0x55841c5fdce0_0;
    %load/vec4 v0x55841c5fd380_0;
    %part/u 1;
    %pad/u 32;
    %pushi/vec4 0, 0, 32;
    %cmp/e;
    %flag_get/vec4 4;
    %pushi/vec4 0, 0, 32;
    %load/vec4 v0x55841c5fd380_0;
    %pad/u 32;
    %cmp/u;
    %flag_get/vec4 5;
    %and;
    %flag_set/vec4 8;
    %jmp/0xz T_1.19, 8;
    %load/vec4 v0x55841c5fcfb0_0;
    %addi 1, 0, 5;
    %store/vec4 v0x55841c5fcfb0_0, 0, 5;
    %load/vec4 v0x55841c5fd380_0;
    %subi 1, 0, 5;
    %store/vec4 v0x55841c5fd380_0, 0, 5;
    %jmp T_1.18;
T_1.19 ;
    %load/vec4 v0x55841c5fd460_0;
    %load/vec4 v0x55841c5fcfb0_0;
    %pad/u 8;
    %sub;
    %ix/load 4, 23, 0;
    %flag_set/imm 4, 0;
    %store/vec4 v0x55841c5fd880_0, 4, 8;
    %load/vec4 v0x55841c5fdce0_0;
    %parti/s 23, 0, 2;
    %ix/getv 4, v0x55841c5fcfb0_0;
    %shiftl 4;
    %ix/load 4, 0, 0;
    %flag_set/imm 4, 0;
    %store/vec4 v0x55841c5fd880_0, 4, 23;
T_1.16 ;
T_1.8 ;
T_1.3 ;
    %jmp T_1;
    .thread T_1, $push;
    .scope S_0x55841c5633a0;
T_2 ;
    %wait E_0x55841c5b1840;
    %load/vec4 v0x55841c5fc0d0_0;
    %flag_set/vec4 8;
    %jmp/0xz  T_2.0, 8;
    %pushi/vec4 0, 0, 32;
    %store/vec4 v0x55841c5fbec0_0, 0, 32;
    %jmp T_2.1;
T_2.0 ;
    %load/vec4 v0x55841c5fbec0_0;
    %addi 1, 0, 32;
    %store/vec4 v0x55841c5fbec0_0, 0, 32;
    %load/vec4 v0x55841c5fbec0_0;
    %cmpi/e 32, 0, 32;
    %jmp/0xz  T_2.2, 4;
    %load/vec4 v0x55841c562b80_0;
    %parti/s 4, 4, 4;
    %store/vec4 v0x55841c5fbfa0_0, 0, 4;
    %pushi/vec4 1, 0, 1;
    %ix/load 4, 7, 0;
    %flag_set/imm 4, 0;
    %store/vec4 v0x55841c58f410_0, 4, 1;
    %jmp T_2.3;
T_2.2 ;
    %load/vec4 v0x55841c5fbec0_0;
    %cmpi/e 64, 0, 32;
    %jmp/0xz  T_2.4, 4;
    %load/vec4 v0x55841c562b80_0;
    %parti/s 4, 0, 2;
    %store/vec4 v0x55841c5fbfa0_0, 0, 4;
    %pushi/vec4 0, 0, 1;
    %ix/load 4, 7, 0;
    %flag_set/imm 4, 0;
    %store/vec4 v0x55841c58f410_0, 4, 1;
    %pushi/vec4 0, 0, 32;
    %store/vec4 v0x55841c5fbec0_0, 0, 32;
T_2.4 ;
T_2.3 ;
T_2.1 ;
    %jmp T_2;
    .thread T_2;
    .scope S_0x55841c5633a0;
T_3 ;
    %wait E_0x55841c5b2400;
    %load/vec4 v0x55841c5fbfa0_0;
    %dup/vec4;
    %pushi/vec4 0, 0, 4;
    %cmp/u;
    %jmp/1 T_3.0, 6;
    %dup/vec4;
    %pushi/vec4 1, 0, 4;
    %cmp/u;
    %jmp/1 T_3.1, 6;
    %dup/vec4;
    %pushi/vec4 2, 0, 4;
    %cmp/u;
    %jmp/1 T_3.2, 6;
    %dup/vec4;
    %pushi/vec4 3, 0, 4;
    %cmp/u;
    %jmp/1 T_3.3, 6;
    %dup/vec4;
    %pushi/vec4 4, 0, 4;
    %cmp/u;
    %jmp/1 T_3.4, 6;
    %dup/vec4;
    %pushi/vec4 5, 0, 4;
    %cmp/u;
    %jmp/1 T_3.5, 6;
    %dup/vec4;
    %pushi/vec4 6, 0, 4;
    %cmp/u;
    %jmp/1 T_3.6, 6;
    %dup/vec4;
    %pushi/vec4 7, 0, 4;
    %cmp/u;
    %jmp/1 T_3.7, 6;
    %dup/vec4;
    %pushi/vec4 8, 0, 4;
    %cmp/u;
    %jmp/1 T_3.8, 6;
    %dup/vec4;
    %pushi/vec4 9, 0, 4;
    %cmp/u;
    %jmp/1 T_3.9, 6;
    %dup/vec4;
    %pushi/vec4 10, 0, 4;
    %cmp/u;
    %jmp/1 T_3.10, 6;
    %dup/vec4;
    %pushi/vec4 11, 0, 4;
    %cmp/u;
    %jmp/1 T_3.11, 6;
    %dup/vec4;
    %pushi/vec4 12, 0, 4;
    %cmp/u;
    %jmp/1 T_3.12, 6;
    %dup/vec4;
    %pushi/vec4 13, 0, 4;
    %cmp/u;
    %jmp/1 T_3.13, 6;
    %dup/vec4;
    %pushi/vec4 14, 0, 4;
    %cmp/u;
    %jmp/1 T_3.14, 6;
    %dup/vec4;
    %pushi/vec4 15, 0, 4;
    %cmp/u;
    %jmp/1 T_3.15, 6;
    %pushi/vec4 1, 0, 7;
    %ix/load 4, 0, 0;
    %flag_set/imm 4, 0;
    %store/vec4 v0x55841c58f410_0, 4, 7;
    %jmp T_3.17;
T_3.0 ;
    %pushi/vec4 126, 0, 7;
    %ix/load 4, 0, 0;
    %flag_set/imm 4, 0;
    %store/vec4 v0x55841c58f410_0, 4, 7;
    %jmp T_3.17;
T_3.1 ;
    %pushi/vec4 48, 0, 7;
    %ix/load 4, 0, 0;
    %flag_set/imm 4, 0;
    %store/vec4 v0x55841c58f410_0, 4, 7;
    %jmp T_3.17;
T_3.2 ;
    %pushi/vec4 109, 0, 7;
    %ix/load 4, 0, 0;
    %flag_set/imm 4, 0;
    %store/vec4 v0x55841c58f410_0, 4, 7;
    %jmp T_3.17;
T_3.3 ;
    %pushi/vec4 121, 0, 7;
    %ix/load 4, 0, 0;
    %flag_set/imm 4, 0;
    %store/vec4 v0x55841c58f410_0, 4, 7;
    %jmp T_3.17;
T_3.4 ;
    %pushi/vec4 51, 0, 7;
    %ix/load 4, 0, 0;
    %flag_set/imm 4, 0;
    %store/vec4 v0x55841c58f410_0, 4, 7;
    %jmp T_3.17;
T_3.5 ;
    %pushi/vec4 91, 0, 7;
    %ix/load 4, 0, 0;
    %flag_set/imm 4, 0;
    %store/vec4 v0x55841c58f410_0, 4, 7;
    %jmp T_3.17;
T_3.6 ;
    %pushi/vec4 95, 0, 7;
    %ix/load 4, 0, 0;
    %flag_set/imm 4, 0;
    %store/vec4 v0x55841c58f410_0, 4, 7;
    %jmp T_3.17;
T_3.7 ;
    %pushi/vec4 112, 0, 7;
    %ix/load 4, 0, 0;
    %flag_set/imm 4, 0;
    %store/vec4 v0x55841c58f410_0, 4, 7;
    %jmp T_3.17;
T_3.8 ;
    %pushi/vec4 127, 0, 7;
    %ix/load 4, 0, 0;
    %flag_set/imm 4, 0;
    %store/vec4 v0x55841c58f410_0, 4, 7;
    %jmp T_3.17;
T_3.9 ;
    %pushi/vec4 123, 0, 7;
    %ix/load 4, 0, 0;
    %flag_set/imm 4, 0;
    %store/vec4 v0x55841c58f410_0, 4, 7;
    %jmp T_3.17;
T_3.10 ;
    %pushi/vec4 119, 0, 7;
    %ix/load 4, 0, 0;
    %flag_set/imm 4, 0;
    %store/vec4 v0x55841c58f410_0, 4, 7;
    %jmp T_3.17;
T_3.11 ;
    %pushi/vec4 31, 0, 7;
    %ix/load 4, 0, 0;
    %flag_set/imm 4, 0;
    %store/vec4 v0x55841c58f410_0, 4, 7;
    %jmp T_3.17;
T_3.12 ;
    %pushi/vec4 78, 0, 7;
    %ix/load 4, 0, 0;
    %flag_set/imm 4, 0;
    %store/vec4 v0x55841c58f410_0, 4, 7;
    %jmp T_3.17;
T_3.13 ;
    %pushi/vec4 61, 0, 7;
    %ix/load 4, 0, 0;
    %flag_set/imm 4, 0;
    %store/vec4 v0x55841c58f410_0, 4, 7;
    %jmp T_3.17;
T_3.14 ;
    %pushi/vec4 79, 0, 7;
    %ix/load 4, 0, 0;
    %flag_set/imm 4, 0;
    %store/vec4 v0x55841c58f410_0, 4, 7;
    %jmp T_3.17;
T_3.15 ;
    %pushi/vec4 71, 0, 7;
    %ix/load 4, 0, 0;
    %flag_set/imm 4, 0;
    %store/vec4 v0x55841c58f410_0, 4, 7;
    %jmp T_3.17;
T_3.17 ;
    %pop/vec4 1;
    %jmp T_3;
    .thread T_3, $push;
    .scope S_0x55841c5fc210;
T_4 ;
    %wait E_0x55841c5b1840;
    %load/vec4 v0x55841c5fc880_0;
    %flag_set/vec4 8;
    %jmp/0xz  T_4.0, 8;
    %pushi/vec4 0, 0, 32;
    %store/vec4 v0x55841c5fc6b0_0, 0, 32;
    %jmp T_4.1;
T_4.0 ;
    %load/vec4 v0x55841c5fc6b0_0;
    %addi 1, 0, 32;
    %store/vec4 v0x55841c5fc6b0_0, 0, 32;
    %load/vec4 v0x55841c5fc6b0_0;
    %cmpi/e 32, 0, 32;
    %jmp/0xz  T_4.2, 4;
    %load/vec4 v0x55841c5fc430_0;
    %parti/s 4, 4, 4;
    %store/vec4 v0x55841c5fc750_0, 0, 4;
    %pushi/vec4 1, 0, 1;
    %ix/load 4, 7, 0;
    %flag_set/imm 4, 0;
    %store/vec4 v0x55841c5fc530_0, 4, 1;
    %jmp T_4.3;
T_4.2 ;
    %load/vec4 v0x55841c5fc6b0_0;
    %cmpi/e 64, 0, 32;
    %jmp/0xz  T_4.4, 4;
    %load/vec4 v0x55841c5fc430_0;
    %parti/s 4, 0, 2;
    %store/vec4 v0x55841c5fc750_0, 0, 4;
    %pushi/vec4 0, 0, 1;
    %ix/load 4, 7, 0;
    %flag_set/imm 4, 0;
    %store/vec4 v0x55841c5fc530_0, 4, 1;
    %pushi/vec4 0, 0, 32;
    %store/vec4 v0x55841c5fc6b0_0, 0, 32;
T_4.4 ;
T_4.3 ;
T_4.1 ;
    %jmp T_4;
    .thread T_4;
    .scope S_0x55841c5fc210;
T_5 ;
    %wait E_0x55841c5855a0;
    %load/vec4 v0x55841c5fc750_0;
    %dup/vec4;
    %pushi/vec4 0, 0, 4;
    %cmp/u;
    %jmp/1 T_5.0, 6;
    %dup/vec4;
    %pushi/vec4 1, 0, 4;
    %cmp/u;
    %jmp/1 T_5.1, 6;
    %dup/vec4;
    %pushi/vec4 2, 0, 4;
    %cmp/u;
    %jmp/1 T_5.2, 6;
    %dup/vec4;
    %pushi/vec4 3, 0, 4;
    %cmp/u;
    %jmp/1 T_5.3, 6;
    %dup/vec4;
    %pushi/vec4 4, 0, 4;
    %cmp/u;
    %jmp/1 T_5.4, 6;
    %dup/vec4;
    %pushi/vec4 5, 0, 4;
    %cmp/u;
    %jmp/1 T_5.5, 6;
    %dup/vec4;
    %pushi/vec4 6, 0, 4;
    %cmp/u;
    %jmp/1 T_5.6, 6;
    %dup/vec4;
    %pushi/vec4 7, 0, 4;
    %cmp/u;
    %jmp/1 T_5.7, 6;
    %dup/vec4;
    %pushi/vec4 8, 0, 4;
    %cmp/u;
    %jmp/1 T_5.8, 6;
    %dup/vec4;
    %pushi/vec4 9, 0, 4;
    %cmp/u;
    %jmp/1 T_5.9, 6;
    %dup/vec4;
    %pushi/vec4 10, 0, 4;
    %cmp/u;
    %jmp/1 T_5.10, 6;
    %dup/vec4;
    %pushi/vec4 11, 0, 4;
    %cmp/u;
    %jmp/1 T_5.11, 6;
    %dup/vec4;
    %pushi/vec4 12, 0, 4;
    %cmp/u;
    %jmp/1 T_5.12, 6;
    %dup/vec4;
    %pushi/vec4 13, 0, 4;
    %cmp/u;
    %jmp/1 T_5.13, 6;
    %dup/vec4;
    %pushi/vec4 14, 0, 4;
    %cmp/u;
    %jmp/1 T_5.14, 6;
    %dup/vec4;
    %pushi/vec4 15, 0, 4;
    %cmp/u;
    %jmp/1 T_5.15, 6;
    %pushi/vec4 1, 0, 7;
    %ix/load 4, 0, 0;
    %flag_set/imm 4, 0;
    %store/vec4 v0x55841c5fc530_0, 4, 7;
    %jmp T_5.17;
T_5.0 ;
    %pushi/vec4 126, 0, 7;
    %ix/load 4, 0, 0;
    %flag_set/imm 4, 0;
    %store/vec4 v0x55841c5fc530_0, 4, 7;
    %jmp T_5.17;
T_5.1 ;
    %pushi/vec4 48, 0, 7;
    %ix/load 4, 0, 0;
    %flag_set/imm 4, 0;
    %store/vec4 v0x55841c5fc530_0, 4, 7;
    %jmp T_5.17;
T_5.2 ;
    %pushi/vec4 109, 0, 7;
    %ix/load 4, 0, 0;
    %flag_set/imm 4, 0;
    %store/vec4 v0x55841c5fc530_0, 4, 7;
    %jmp T_5.17;
T_5.3 ;
    %pushi/vec4 121, 0, 7;
    %ix/load 4, 0, 0;
    %flag_set/imm 4, 0;
    %store/vec4 v0x55841c5fc530_0, 4, 7;
    %jmp T_5.17;
T_5.4 ;
    %pushi/vec4 51, 0, 7;
    %ix/load 4, 0, 0;
    %flag_set/imm 4, 0;
    %store/vec4 v0x55841c5fc530_0, 4, 7;
    %jmp T_5.17;
T_5.5 ;
    %pushi/vec4 91, 0, 7;
    %ix/load 4, 0, 0;
    %flag_set/imm 4, 0;
    %store/vec4 v0x55841c5fc530_0, 4, 7;
    %jmp T_5.17;
T_5.6 ;
    %pushi/vec4 95, 0, 7;
    %ix/load 4, 0, 0;
    %flag_set/imm 4, 0;
    %store/vec4 v0x55841c5fc530_0, 4, 7;
    %jmp T_5.17;
T_5.7 ;
    %pushi/vec4 112, 0, 7;
    %ix/load 4, 0, 0;
    %flag_set/imm 4, 0;
    %store/vec4 v0x55841c5fc530_0, 4, 7;
    %jmp T_5.17;
T_5.8 ;
    %pushi/vec4 127, 0, 7;
    %ix/load 4, 0, 0;
    %flag_set/imm 4, 0;
    %store/vec4 v0x55841c5fc530_0, 4, 7;
    %jmp T_5.17;
T_5.9 ;
    %pushi/vec4 123, 0, 7;
    %ix/load 4, 0, 0;
    %flag_set/imm 4, 0;
    %store/vec4 v0x55841c5fc530_0, 4, 7;
    %jmp T_5.17;
T_5.10 ;
    %pushi/vec4 119, 0, 7;
    %ix/load 4, 0, 0;
    %flag_set/imm 4, 0;
    %store/vec4 v0x55841c5fc530_0, 4, 7;
    %jmp T_5.17;
T_5.11 ;
    %pushi/vec4 31, 0, 7;
    %ix/load 4, 0, 0;
    %flag_set/imm 4, 0;
    %store/vec4 v0x55841c5fc530_0, 4, 7;
    %jmp T_5.17;
T_5.12 ;
    %pushi/vec4 78, 0, 7;
    %ix/load 4, 0, 0;
    %flag_set/imm 4, 0;
    %store/vec4 v0x55841c5fc530_0, 4, 7;
    %jmp T_5.17;
T_5.13 ;
    %pushi/vec4 61, 0, 7;
    %ix/load 4, 0, 0;
    %flag_set/imm 4, 0;
    %store/vec4 v0x55841c5fc530_0, 4, 7;
    %jmp T_5.17;
T_5.14 ;
    %pushi/vec4 79, 0, 7;
    %ix/load 4, 0, 0;
    %flag_set/imm 4, 0;
    %store/vec4 v0x55841c5fc530_0, 4, 7;
    %jmp T_5.17;
T_5.15 ;
    %pushi/vec4 71, 0, 7;
    %ix/load 4, 0, 0;
    %flag_set/imm 4, 0;
    %store/vec4 v0x55841c5fc530_0, 4, 7;
    %jmp T_5.17;
T_5.17 ;
    %pop/vec4 1;
    %jmp T_5;
    .thread T_5, $push;
    .scope S_0x55841c5624c0;
T_6 ;
    %pushi/vec4 0, 0, 1;
    %store/vec4 v0x55841c601780_0, 0, 1;
    %pushi/vec4 0, 0, 1;
    %store/vec4 v0x55841c601f70_0, 0, 1;
    %delay 10000, 0;
    %pushi/vec4 1, 0, 1;
    %store/vec4 v0x55841c601f70_0, 0, 1;
    %vpi_call 2 34 "$display", "SYSTEM\012 an0= %b,  a0= %b,  b0= %b,  c0= %b,  d0= %b,  e0= %b,  f0= %b,  g0= %b,\012 an1= %b,  a1= %b,  b1= %b,  c1= %b,  d1= %b,  e1= %b,  f1= %b,  g1= %b\012clk = %b, rst= %b\012END SYSTEM\012", v0x55841c6012a0_0, v0x55841c5c4be0_0, v0x55841c601470_0, v0x55841c6015e0_0, v0x55841c601820_0, v0x55841c6019c0_0, v0x55841c601b60_0, v0x55841c601d00_0, v0x55841c6013a0_0, v0x55841c6011d0_0, v0x55841c601510_0, v0x55841c6016b0_0, v0x55841c6018f0_0, v0x55841c601a90_0, v0x55841c601c30_0, v0x55841c601dd0_0, v0x55841c601780_0, v0x55841c601f70_0 {0 0 0};
    %delay 10000, 0;
    %pushi/vec4 0, 0, 1;
    %store/vec4 v0x55841c601f70_0, 0, 1;
    %delay 320000, 0;
    %vpi_call 2 39 "$display", "SYSTEM\012 an0= %b,  a0= %b,  b0= %b,  c0= %b,  d0= %b,  e0= %b,  f0= %b,  g0= %b,\012 an1= %b,  a1= %b,  b1= %b,  c1= %b,  d1= %b,  e1= %b,  f1= %b,  g1= %b\012clk = %b, rst= %b\012END SYSTEM\012", v0x55841c6012a0_0, v0x55841c5c4be0_0, v0x55841c601470_0, v0x55841c6015e0_0, v0x55841c601820_0, v0x55841c6019c0_0, v0x55841c601b60_0, v0x55841c601d00_0, v0x55841c6013a0_0, v0x55841c6011d0_0, v0x55841c601510_0, v0x55841c6016b0_0, v0x55841c6018f0_0, v0x55841c601a90_0, v0x55841c601c30_0, v0x55841c601dd0_0, v0x55841c601780_0, v0x55841c601f70_0 {0 0 0};
    %delay 50000, 0;
    %vpi_call 2 42 "$display", "SYSTEM\012 an0= %b,  a0= %b,  b0= %b,  c0= %b,  d0= %b,  e0= %b,  f0= %b,  g0= %b,\012 an1= %b,  a1= %b,  b1= %b,  c1= %b,  d1= %b,  e1= %b,  f1= %b,  g1= %b\012clk = %b, rst= %b\012END SYSTEM\012", v0x55841c6012a0_0, v0x55841c5c4be0_0, v0x55841c601470_0, v0x55841c6015e0_0, v0x55841c601820_0, v0x55841c6019c0_0, v0x55841c601b60_0, v0x55841c601d00_0, v0x55841c6013a0_0, v0x55841c6011d0_0, v0x55841c601510_0, v0x55841c6016b0_0, v0x55841c6018f0_0, v0x55841c601a90_0, v0x55841c601c30_0, v0x55841c601dd0_0, v0x55841c601780_0, v0x55841c601f70_0 {0 0 0};
    %delay 280000, 0;
    %vpi_call 2 45 "$display", "SYSTEM\012 an0= %b,  a0= %b,  b0= %b,  c0= %b,  d0= %b,  e0= %b,  f0= %b,  g0= %b,\012 an1= %b,  a1= %b,  b1= %b,  c1= %b,  d1= %b,  e1= %b,  f1= %b,  g1= %b\012clk = %b, rst= %b\012END SYSTEM\012", v0x55841c6012a0_0, v0x55841c5c4be0_0, v0x55841c601470_0, v0x55841c6015e0_0, v0x55841c601820_0, v0x55841c6019c0_0, v0x55841c601b60_0, v0x55841c601d00_0, v0x55841c6013a0_0, v0x55841c6011d0_0, v0x55841c601510_0, v0x55841c6016b0_0, v0x55841c6018f0_0, v0x55841c601a90_0, v0x55841c601c30_0, v0x55841c601dd0_0, v0x55841c601780_0, v0x55841c601f70_0 {0 0 0};
    %delay 320000, 0;
    %vpi_call 2 48 "$display", "SYSTEM\012 an0= %b,  a0= %b,  b0= %b,  c0= %b,  d0= %b,  e0= %b,  f0= %b,  g0= %b,\012 an1= %b,  a1= %b,  b1= %b,  c1= %b,  d1= %b,  e1= %b,  f1= %b,  g1= %b\012clk = %b, rst= %b\012END SYSTEM\012", v0x55841c6012a0_0, v0x55841c5c4be0_0, v0x55841c601470_0, v0x55841c6015e0_0, v0x55841c601820_0, v0x55841c6019c0_0, v0x55841c601b60_0, v0x55841c601d00_0, v0x55841c6013a0_0, v0x55841c6011d0_0, v0x55841c601510_0, v0x55841c6016b0_0, v0x55841c6018f0_0, v0x55841c601a90_0, v0x55841c601c30_0, v0x55841c601dd0_0, v0x55841c601780_0, v0x55841c601f70_0 {0 0 0};
    %vpi_call 2 50 "$finish" {0 0 0};
    %end;
    .thread T_6;
    .scope S_0x55841c5624c0;
T_7 ;
    %delay 5000, 0;
    %load/vec4 v0x55841c601780_0;
    %inv;
    %store/vec4 v0x55841c601780_0, 0, 1;
    %jmp T_7;
    .thread T_7;
# The file index is used to find the file name in the following table.
:file_names 6;
    "N/A";
    "<interactive>";
    "testbench_step3.v";
    "fpadd_system.v";
    "SevenSegmentDisplay.v";
    "fpadd_single.v";
