#! /usr/bin/vvp
:ivl_version "11.0 (stable)" "(v11_0)";
:ivl_delay_selection "TYPICAL";
:vpi_time_precision - 12;
:vpi_module "/usr/lib/ivl/system.vpi";
:vpi_module "/usr/lib/ivl/vhdl_sys.vpi";
:vpi_module "/usr/lib/ivl/vhdl_textio.vpi";
:vpi_module "/usr/lib/ivl/v2005_math.vpi";
:vpi_module "/usr/lib/ivl/va_math.vpi";
S_0x55c7319da4c0 .scope module, "testbench" "testbench" 2 20;
 .timescale -9 -12;
P_0x55c731a1b9b0 .param/l "NUM" 0 2 21, +C4<00000000000000000000000000001010>;
v0x55c731a520e0_0 .var "A", 31 0;
v0x55c731a521c0_0 .var "B", 31 0;
v0x55c731a52290_0 .var "FPVal", 95 0;
v0x55c731a52360_0 .var "clk", 0 0;
v0x55c731a52430_0 .var "correctOut", 31 0;
v0x55c731a524f0_0 .var/i "errors", 31 0;
v0x55c731a525d0 .array "fp_InOut", 9 0, 95 0;
v0x55c731a52690_0 .var/i "i", 31 0;
v0x55c731a52770_0 .net "out", 31 0, v0x55c731a517e0_0;  1 drivers
v0x55c731a52830_0 .var "rst", 0 0;
S_0x55c7319db3a0 .scope module, "DUT" "fpadd_pipe" 2 70, 3 17 0, S_0x55c7319da4c0;
 .timescale -9 -12;
    .port_info 0 /INPUT 1 "clk";
    .port_info 1 /INPUT 1 "reset";
    .port_info 2 /INPUT 32 "reg_A";
    .port_info 3 /INPUT 32 "reg_B";
    .port_info 4 /OUTPUT 32 "out";
v0x55c731a510b0_0 .var "A", 31 0;
v0x55c731a51190_0 .var "B", 31 0;
v0x55c731a51260_0 .var "add", 0 0;
v0x55c731a51360_0 .net "add_flag", 0 0, v0x55c731a4f8c0_0;  1 drivers
v0x55c731a51430_0 .net "add_mantissas", 24 0, v0x55c731a4f990_0;  1 drivers
v0x55c731a514d0_0 .var "add_mantissas_pp", 24 0;
v0x55c731a515a0_0 .net "clk", 0 0, v0x55c731a52360_0;  1 drivers
v0x55c731a51640_0 .net "new_exponent", 7 0, v0x55c731a4fd60_0;  1 drivers
v0x55c731a51710_0 .var "new_exponent_pp", 7 0;
v0x55c731a517e0_0 .var "out", 31 0;
v0x55c731a51880_0 .net "reg_A", 31 0, v0x55c731a520e0_0;  1 drivers
v0x55c731a51940_0 .net "reg_B", 31 0, v0x55c731a521c0_0;  1 drivers
v0x55c731a51a20_0 .net "reset", 0 0, v0x55c731a52830_0;  1 drivers
v0x55c731a51ae0_0 .net "result_pp", 31 0, v0x55c731a50c50_0;  1 drivers
v0x55c731a51bd0_0 .var "sign_out", 0 0;
v0x55c731a51ca0_0 .net "sign_result", 0 0, v0x55c731a50000_0;  1 drivers
v0x55c731a51d70_0 .var "sub", 0 0;
v0x55c731a51e40_0 .net "sub_flag", 0 0, v0x55c731a50280_0;  1 drivers
v0x55c731a51f10_0 .net "sub_mantissas", 23 0, v0x55c731a50340_0;  1 drivers
v0x55c731a51fe0_0 .var "sub_mantissas_pp", 23 0;
E_0x55c731a1b6b0 .event edge, v0x55c731a51a20_0, v0x55c731a515a0_0, v0x55c731a50c50_0;
E_0x55c731a1a820 .event posedge, v0x55c731a51a20_0, v0x55c731a515a0_0;
E_0x55c7319fd560 .event posedge, v0x55c731a515a0_0;
S_0x55c7319ec750 .scope module, "First_steps" "First_steps" 3 41, 3 84 0, S_0x55c7319db3a0;
 .timescale -9 -12;
    .port_info 0 /INPUT 32 "A";
    .port_info 1 /INPUT 32 "B";
    .port_info 2 /OUTPUT 24 "sub_mantissas";
    .port_info 3 /OUTPUT 25 "add_mantissas";
    .port_info 4 /OUTPUT 8 "new_exponent";
    .port_info 5 /OUTPUT 1 "sign_result";
    .port_info 6 /OUTPUT 1 "sub_flag";
    .port_info 7 /OUTPUT 1 "add_flag";
v0x55c7319ecab0_0 .net "A", 31 0, v0x55c731a510b0_0;  1 drivers
v0x55c731a4f7e0_0 .net "B", 31 0, v0x55c731a51190_0;  1 drivers
v0x55c731a4f8c0_0 .var "add_flag", 0 0;
v0x55c731a4f990_0 .var "add_mantissas", 24 0;
v0x55c731a4fa70_0 .var "exp_a", 7 0;
v0x55c731a4fba0_0 .var "exp_b", 7 0;
v0x55c731a4fc80_0 .var "exp_diff", 7 0;
v0x55c731a4fd60_0 .var "new_exponent", 7 0;
v0x55c731a4fe40_0 .var "shifted_a", 23 0;
v0x55c731a4ff20_0 .var "shifted_b", 23 0;
v0x55c731a50000_0 .var "sign_result", 0 0;
v0x55c731a500c0_0 .var "significand_a", 23 0;
v0x55c731a501a0_0 .var "significand_b", 23 0;
v0x55c731a50280_0 .var "sub_flag", 0 0;
v0x55c731a50340_0 .var "sub_mantissas", 23 0;
E_0x55c731a11370/0 .event edge, v0x55c7319ecab0_0, v0x55c731a4f7e0_0, v0x55c731a4fa70_0, v0x55c731a4fba0_0;
E_0x55c731a11370/1 .event edge, v0x55c731a501a0_0, v0x55c731a4fc80_0, v0x55c731a500c0_0, v0x55c731a50280_0;
E_0x55c731a11370/2 .event edge, v0x55c731a4f8c0_0, v0x55c731a4fe40_0, v0x55c731a4ff20_0;
E_0x55c731a11370 .event/or E_0x55c731a11370/0, E_0x55c731a11370/1, E_0x55c731a11370/2;
S_0x55c731a50520 .scope module, "normalization" "normalization" 3 65, 3 146 0, S_0x55c7319db3a0;
 .timescale -9 -12;
    .port_info 0 /INPUT 24 "sub_mantissas_pp";
    .port_info 1 /INPUT 25 "add_mantissas_pp";
    .port_info 2 /INPUT 8 "new_exponent_pp";
    .port_info 3 /INPUT 1 "sub";
    .port_info 4 /INPUT 1 "add";
    .port_info 5 /INPUT 1 "sign_out";
    .port_info 6 /OUTPUT 32 "result_pp";
v0x55c731a507c0_0 .net "add", 0 0, v0x55c731a51260_0;  1 drivers
v0x55c731a508a0_0 .net "add_mantissas_pp", 24 0, v0x55c731a514d0_0;  1 drivers
v0x55c731a50980_0 .var "counter", 4 0;
v0x55c731a50a40_0 .var "i", 4 0;
v0x55c731a50b20_0 .net "new_exponent_pp", 7 0, v0x55c731a51710_0;  1 drivers
v0x55c731a50c50_0 .var "result_pp", 31 0;
v0x55c731a50d30_0 .net "sign_out", 0 0, v0x55c731a51bd0_0;  1 drivers
v0x55c731a50df0_0 .net "sub", 0 0, v0x55c731a51d70_0;  1 drivers
v0x55c731a50eb0_0 .net "sub_mantissas_pp", 23 0, v0x55c731a51fe0_0;  1 drivers
E_0x55c731a10de0/0 .event edge, v0x55c731a50d30_0, v0x55c731a50df0_0, v0x55c731a50eb0_0, v0x55c731a50980_0;
E_0x55c731a10de0/1 .event edge, v0x55c731a50b20_0, v0x55c731a507c0_0, v0x55c731a508a0_0;
E_0x55c731a10de0 .event/or E_0x55c731a10de0/0, E_0x55c731a10de0/1;
    .scope S_0x55c7319ec750;
T_0 ;
    %wait E_0x55c731a11370;
    %pushi/vec4 1, 0, 1;
    %load/vec4 v0x55c7319ecab0_0;
    %parti/s 23, 0, 2;
    %concat/vec4; draw_concat_vec4
    %store/vec4 v0x55c731a500c0_0, 0, 24;
    %pushi/vec4 1, 0, 1;
    %load/vec4 v0x55c731a4f7e0_0;
    %parti/s 23, 0, 2;
    %concat/vec4; draw_concat_vec4
    %store/vec4 v0x55c731a501a0_0, 0, 24;
    %load/vec4 v0x55c7319ecab0_0;
    %parti/s 8, 23, 6;
    %store/vec4 v0x55c731a4fa70_0, 0, 8;
    %load/vec4 v0x55c731a4f7e0_0;
    %parti/s 8, 23, 6;
    %store/vec4 v0x55c731a4fba0_0, 0, 8;
    %load/vec4 v0x55c731a4fba0_0;
    %load/vec4 v0x55c731a4fa70_0;
    %cmp/u;
    %jmp/0xz  T_0.0, 5;
    %load/vec4 v0x55c731a4fa70_0;
    %load/vec4 v0x55c731a4fba0_0;
    %sub;
    %store/vec4 v0x55c731a4fc80_0, 0, 8;
    %load/vec4 v0x55c731a501a0_0;
    %ix/getv 4, v0x55c731a4fc80_0;
    %shiftr 4;
    %store/vec4 v0x55c731a4ff20_0, 0, 24;
    %load/vec4 v0x55c731a500c0_0;
    %store/vec4 v0x55c731a4fe40_0, 0, 24;
    %load/vec4 v0x55c731a4fa70_0;
    %store/vec4 v0x55c731a4fd60_0, 0, 8;
    %jmp T_0.1;
T_0.0 ;
    %load/vec4 v0x55c731a4fba0_0;
    %load/vec4 v0x55c731a4fa70_0;
    %sub;
    %store/vec4 v0x55c731a4fc80_0, 0, 8;
    %load/vec4 v0x55c731a500c0_0;
    %ix/getv 4, v0x55c731a4fc80_0;
    %shiftr 4;
    %store/vec4 v0x55c731a4fe40_0, 0, 24;
    %load/vec4 v0x55c731a501a0_0;
    %store/vec4 v0x55c731a4ff20_0, 0, 24;
    %load/vec4 v0x55c731a4fba0_0;
    %store/vec4 v0x55c731a4fd60_0, 0, 8;
T_0.1 ;
    %load/vec4 v0x55c7319ecab0_0;
    %parti/s 1, 31, 6;
    %load/vec4 v0x55c731a4f7e0_0;
    %parti/s 1, 31, 6;
    %xor;
    %store/vec4 v0x55c731a50280_0, 0, 1;
    %load/vec4 v0x55c731a50280_0;
    %nor/r;
    %store/vec4 v0x55c731a4f8c0_0, 0, 1;
    %load/vec4 v0x55c731a4f8c0_0;
    %flag_set/vec4 8;
    %jmp/0xz  T_0.2, 8;
    %load/vec4 v0x55c7319ecab0_0;
    %parti/s 1, 31, 6;
    %store/vec4 v0x55c731a50000_0, 0, 1;
    %load/vec4 v0x55c731a4fe40_0;
    %pad/u 25;
    %load/vec4 v0x55c731a4ff20_0;
    %pad/u 25;
    %add;
    %store/vec4 v0x55c731a4f990_0, 0, 25;
    %jmp T_0.3;
T_0.2 ;
    %load/vec4 v0x55c731a50280_0;
    %flag_set/vec4 8;
    %jmp/0xz  T_0.4, 8;
    %load/vec4 v0x55c731a4ff20_0;
    %load/vec4 v0x55c731a4fe40_0;
    %cmp/u;
    %jmp/0xz  T_0.6, 5;
    %load/vec4 v0x55c731a4fe40_0;
    %load/vec4 v0x55c731a4ff20_0;
    %sub;
    %store/vec4 v0x55c731a50340_0, 0, 24;
    %load/vec4 v0x55c7319ecab0_0;
    %parti/s 1, 31, 6;
    %store/vec4 v0x55c731a50000_0, 0, 1;
    %jmp T_0.7;
T_0.6 ;
    %load/vec4 v0x55c731a4fe40_0;
    %load/vec4 v0x55c731a4ff20_0;
    %cmp/u;
    %jmp/0xz  T_0.8, 5;
    %load/vec4 v0x55c731a4ff20_0;
    %load/vec4 v0x55c731a4fe40_0;
    %sub;
    %store/vec4 v0x55c731a50340_0, 0, 24;
    %load/vec4 v0x55c731a4f7e0_0;
    %parti/s 1, 31, 6;
    %store/vec4 v0x55c731a50000_0, 0, 1;
    %jmp T_0.9;
T_0.8 ;
    %load/vec4 v0x55c731a4fe40_0;
    %load/vec4 v0x55c731a4ff20_0;
    %cmp/e;
    %jmp/0xz  T_0.10, 4;
    %pushi/vec4 0, 0, 24;
    %store/vec4 v0x55c731a50340_0, 0, 24;
    %pushi/vec4 0, 0, 1;
    %store/vec4 v0x55c731a50000_0, 0, 1;
T_0.10 ;
T_0.9 ;
T_0.7 ;
T_0.4 ;
T_0.3 ;
    %jmp T_0;
    .thread T_0, $push;
    .scope S_0x55c731a50520;
T_1 ;
    %wait E_0x55c731a10de0;
    %load/vec4 v0x55c731a50d30_0;
    %ix/load 4, 31, 0;
    %flag_set/imm 4, 0;
    %store/vec4 v0x55c731a50c50_0, 4, 1;
    %load/vec4 v0x55c731a50df0_0;
    %flag_set/vec4 8;
    %jmp/0xz  T_1.0, 8;
    %load/vec4 v0x55c731a50eb0_0;
    %pad/u 32;
    %cmpi/ne 0, 0, 32;
    %jmp/0xz  T_1.2, 4;
    %pushi/vec4 0, 0, 5;
    %store/vec4 v0x55c731a50980_0, 0, 5;
    %pushi/vec4 23, 0, 5;
    %store/vec4 v0x55c731a50a40_0, 0, 5;
T_1.4 ;
    %load/vec4 v0x55c731a50eb0_0;
    %load/vec4 v0x55c731a50a40_0;
    %part/u 1;
    %pad/u 32;
    %pushi/vec4 0, 0, 32;
    %cmp/e;
    %flag_get/vec4 4;
    %pushi/vec4 0, 0, 32;
    %load/vec4 v0x55c731a50a40_0;
    %pad/u 32;
    %cmp/u;
    %flag_get/vec4 5;
    %and;
    %flag_set/vec4 8;
    %jmp/0xz T_1.5, 8;
    %load/vec4 v0x55c731a50980_0;
    %addi 1, 0, 5;
    %store/vec4 v0x55c731a50980_0, 0, 5;
    %load/vec4 v0x55c731a50a40_0;
    %subi 1, 0, 5;
    %store/vec4 v0x55c731a50a40_0, 0, 5;
    %jmp T_1.4;
T_1.5 ;
    %load/vec4 v0x55c731a50b20_0;
    %load/vec4 v0x55c731a50980_0;
    %pad/u 8;
    %sub;
    %ix/load 4, 23, 0;
    %flag_set/imm 4, 0;
    %store/vec4 v0x55c731a50c50_0, 4, 8;
    %load/vec4 v0x55c731a50eb0_0;
    %parti/s 23, 0, 2;
    %ix/getv 4, v0x55c731a50980_0;
    %shiftl 4;
    %ix/load 4, 0, 0;
    %flag_set/imm 4, 0;
    %store/vec4 v0x55c731a50c50_0, 4, 23;
    %jmp T_1.3;
T_1.2 ;
    %pushi/vec4 0, 0, 32;
    %store/vec4 v0x55c731a50c50_0, 0, 32;
T_1.3 ;
T_1.0 ;
    %load/vec4 v0x55c731a507c0_0;
    %flag_set/vec4 8;
    %jmp/0xz  T_1.6, 8;
    %load/vec4 v0x55c731a508a0_0;
    %parti/s 24, 0, 2;
    %pad/u 32;
    %cmpi/e 0, 0, 32;
    %jmp/0xz  T_1.8, 4;
    %pushi/vec4 0, 0, 32;
    %store/vec4 v0x55c731a50c50_0, 0, 32;
    %jmp T_1.9;
T_1.8 ;
    %load/vec4 v0x55c731a508a0_0;
    %parti/s 1, 24, 6;
    %cmpi/e 1, 0, 1;
    %jmp/0xz  T_1.10, 4;
    %load/vec4 v0x55c731a508a0_0;
    %parti/s 23, 1, 2;
    %ix/load 4, 0, 0;
    %flag_set/imm 4, 0;
    %store/vec4 v0x55c731a50c50_0, 4, 23;
    %load/vec4 v0x55c731a50b20_0;
    %addi 1, 0, 8;
    %ix/load 4, 23, 0;
    %flag_set/imm 4, 0;
    %store/vec4 v0x55c731a50c50_0, 4, 8;
    %jmp T_1.11;
T_1.10 ;
    %load/vec4 v0x55c731a508a0_0;
    %parti/s 23, 0, 2;
    %ix/load 4, 0, 0;
    %flag_set/imm 4, 0;
    %store/vec4 v0x55c731a50c50_0, 4, 23;
    %load/vec4 v0x55c731a50b20_0;
    %ix/load 4, 23, 0;
    %flag_set/imm 4, 0;
    %store/vec4 v0x55c731a50c50_0, 4, 8;
T_1.11 ;
T_1.9 ;
T_1.6 ;
    %jmp T_1;
    .thread T_1, $push;
    .scope S_0x55c7319db3a0;
T_2 ;
    %wait E_0x55c7319fd560;
    %load/vec4 v0x55c731a51880_0;
    %assign/vec4 v0x55c731a510b0_0, 0;
    %load/vec4 v0x55c731a51940_0;
    %assign/vec4 v0x55c731a51190_0, 0;
    %jmp T_2;
    .thread T_2;
    .scope S_0x55c7319db3a0;
T_3 ;
    %wait E_0x55c731a1a820;
    %load/vec4 v0x55c731a51a20_0;
    %cmpi/e 1, 0, 1;
    %jmp/0xz  T_3.0, 4;
    %pushi/vec4 0, 0, 24;
    %assign/vec4 v0x55c731a51fe0_0, 0;
    %pushi/vec4 0, 0, 25;
    %assign/vec4 v0x55c731a514d0_0, 0;
    %pushi/vec4 0, 0, 8;
    %assign/vec4 v0x55c731a51710_0, 0;
    %pushi/vec4 0, 0, 1;
    %assign/vec4 v0x55c731a51bd0_0, 0;
    %pushi/vec4 0, 0, 1;
    %assign/vec4 v0x55c731a51260_0, 0;
    %pushi/vec4 0, 0, 1;
    %assign/vec4 v0x55c731a51d70_0, 0;
    %jmp T_3.1;
T_3.0 ;
    %load/vec4 v0x55c731a51f10_0;
    %assign/vec4 v0x55c731a51fe0_0, 0;
    %load/vec4 v0x55c731a51430_0;
    %assign/vec4 v0x55c731a514d0_0, 0;
    %load/vec4 v0x55c731a51640_0;
    %assign/vec4 v0x55c731a51710_0, 0;
    %load/vec4 v0x55c731a51ca0_0;
    %assign/vec4 v0x55c731a51bd0_0, 0;
    %load/vec4 v0x55c731a51e40_0;
    %assign/vec4 v0x55c731a51d70_0, 0;
    %load/vec4 v0x55c731a51360_0;
    %assign/vec4 v0x55c731a51260_0, 0;
T_3.1 ;
    %jmp T_3;
    .thread T_3;
    .scope S_0x55c7319db3a0;
T_4 ;
    %wait E_0x55c731a1b6b0;
    %load/vec4 v0x55c731a51a20_0;
    %cmpi/e 1, 0, 1;
    %jmp/0xz  T_4.0, 4;
    %pushi/vec4 0, 0, 32;
    %assign/vec4 v0x55c731a517e0_0, 0;
    %jmp T_4.1;
T_4.0 ;
    %load/vec4 v0x55c731a515a0_0;
    %cmpi/e 1, 0, 1;
    %jmp/0xz  T_4.2, 4;
    %load/vec4 v0x55c731a51ae0_0;
    %assign/vec4 v0x55c731a517e0_0, 0;
T_4.2 ;
T_4.1 ;
    %jmp T_4;
    .thread T_4, $push;
    .scope S_0x55c7319da4c0;
T_5 ;
    %pushi/vec4 0, 0, 1;
    %store/vec4 v0x55c731a52360_0, 0, 1;
    %pushi/vec4 0, 0, 1;
    %store/vec4 v0x55c731a52830_0, 0, 1;
    %delay 20000, 0;
    %pushi/vec4 1, 0, 1;
    %store/vec4 v0x55c731a52830_0, 0, 1;
    %delay 20000, 0;
    %pushi/vec4 0, 0, 1;
    %store/vec4 v0x55c731a52830_0, 0, 1;
    %pushi/vec4 0, 0, 32;
    %store/vec4 v0x55c731a524f0_0, 0, 32;
    %pushi/vec4 0, 0, 32;
    %store/vec4 v0x55c731a52690_0, 0, 32;
T_5.0 ;
    %load/vec4 v0x55c731a52690_0;
    %cmpi/s 10, 0, 32;
    %jmp/0xz T_5.1, 5;
    %ix/getv/s 4, v0x55c731a52690_0;
    %load/vec4a v0x55c731a525d0, 4;
    %store/vec4 v0x55c731a52290_0, 0, 96;
    %load/vec4 v0x55c731a52290_0;
    %parti/s 32, 64, 8;
    %store/vec4 v0x55c731a520e0_0, 0, 32;
    %load/vec4 v0x55c731a52290_0;
    %parti/s 32, 32, 7;
    %store/vec4 v0x55c731a521c0_0, 0, 32;
    %load/vec4 v0x55c731a52290_0;
    %parti/s 32, 0, 2;
    %store/vec4 v0x55c731a52430_0, 0, 32;
    %delay 40000, 0;
    %vpi_call 2 48 "$display", "A=%h,B=%h,out=%h, correctOut=%h\012", v0x55c731a520e0_0, v0x55c731a521c0_0, v0x55c731a52770_0, v0x55c731a52430_0 {0 0 0};
    %load/vec4 v0x55c731a52770_0;
    %load/vec4 v0x55c731a52430_0;
    %cmp/ne;
    %jmp/0xz  T_5.2, 4;
    %vpi_call 2 51 "$display", "Error at input %d. Out was %h instead of %h\012", v0x55c731a52690_0, v0x55c731a52770_0, v0x55c731a52430_0 {0 0 0};
    %load/vec4 v0x55c731a524f0_0;
    %addi 1, 0, 32;
    %store/vec4 v0x55c731a524f0_0, 0, 32;
T_5.2 ;
    %load/vec4 v0x55c731a52690_0;
    %addi 1, 0, 32;
    %store/vec4 v0x55c731a52690_0, 0, 32;
    %jmp T_5.0;
T_5.1 ;
    %vpi_call 2 55 "$display", "Num of Errors = %4d\012", v0x55c731a524f0_0 {0 0 0};
    %vpi_call 2 56 "$finish" {0 0 0};
    %end;
    .thread T_5;
    .scope S_0x55c7319da4c0;
T_6 ;
    %vpi_call 2 61 "$readmemh", "fp_InOut.hex", v0x55c731a525d0 {0 0 0};
    %end;
    .thread T_6;
    .scope S_0x55c7319da4c0;
T_7 ;
    %delay 10000, 0;
    %load/vec4 v0x55c731a52360_0;
    %inv;
    %store/vec4 v0x55c731a52360_0, 0, 1;
    %jmp T_7;
    .thread T_7;
# The file index is used to find the file name in the following table.
:file_names 4;
    "N/A";
    "<interactive>";
    "testbench.v";
    "fpadd_pipe.v";
